Changing directories to /home/gdube/hpcgpu/ece8780_p1
Running application: gray_35_16
==188960== NVPROF is profiling process 188960, command: /home/gdube/hpcgpu/ece8780_p1/build/gray_35_16 ./testimgs/baboon_512_512.png ./grayimgs/graybaboon_512_512.png
Finished kernel launch 
PASSED!==188960== Profiling application: /home/gdube/hpcgpu/ece8780_p1/build/gray_35_16 ./testimgs/baboon_512_512.png ./grayimgs/graybaboon_512_512.png
==188960== Profiling result:
   Start  Duration            Grid Size      Block Size     Regs*    SSMem*    DSMem*      Size  Throughput  SrcMemType  DstMemType           Device   Context    Stream  Name
352.49ms  171.59us                    -               -         -         -         -  1.0000MB  5.6914GB/s    Pageable      Device   Tesla K20m (0)         1         7  [CUDA memcpy HtoD]
352.67ms  16.960us            (32 32 1)       (16 16 1)        10        0B        0B         -           -           -           -   Tesla K20m (0)         1         7  im2Gray(uchar4*, unsigned char*, int, int) [114]
352.73ms  39.360us                    -               -         -         -         -  256.00KB  6.2028GB/s      Device    Pageable   Tesla K20m (0)         1         7  [CUDA memcpy DtoH]

Regs: Number of registers used per CUDA thread. This number includes registers used internally by the CUDA driver and/or tools and can be more than what the compiler shows.
SSMem: Static shared memory allocated per CUDA block.
DSMem: Dynamic shared memory allocated per CUDA block.
SrcMemType: The type of source memory accessed by memory operation/copy
DstMemType: The type of destination memory accessed by memory operation/copy
Running application: gray_35_16
==188999== NVPROF is profiling process 188999, command: /home/gdube/hpcgpu/ece8780_p1/build/gray_35_16 ./testimgs/doggo_1600_1200.jpeg ./grayimgs/graydoggo_1600_1200.jpeg
Finished kernel launch 
PASSED!==188999== Profiling application: /home/gdube/hpcgpu/ece8780_p1/build/gray_35_16 ./testimgs/doggo_1600_1200.jpeg ./grayimgs/graydoggo_1600_1200.jpeg
==188999== Profiling result:
   Start  Duration            Grid Size      Block Size     Regs*    SSMem*    DSMem*      Size  Throughput  SrcMemType  DstMemType           Device   Context    Stream  Name
343.46ms  2.1472ms                    -               -         -         -         -  7.3242MB  3.3311GB/s    Pageable      Device   Tesla K20m (0)         1         7  [CUDA memcpy HtoD]
345.62ms  116.55us           (100 75 1)       (16 16 1)        10        0B        0B         -           -           -           -   Tesla K20m (0)         1         7  im2Gray(uchar4*, unsigned char*, int, int) [114]
345.78ms  314.43us                    -               -         -         -         -  1.8311MB  5.6869GB/s      Device    Pageable   Tesla K20m (0)         1         7  [CUDA memcpy DtoH]

Regs: Number of registers used per CUDA thread. This number includes registers used internally by the CUDA driver and/or tools and can be more than what the compiler shows.
SSMem: Static shared memory allocated per CUDA block.
DSMem: Dynamic shared memory allocated per CUDA block.
SrcMemType: The type of source memory accessed by memory operation/copy
DstMemType: The type of destination memory accessed by memory operation/copy
Running application: gray_35_16
==189036== NVPROF is profiling process 189036, command: /home/gdube/hpcgpu/ece8780_p1/build/gray_35_16 ./testimgs/lemons_3456_2304.png ./grayimgs/graylemons_3456_2304.png
Finished kernel launch 
PASSED!==189036== Profiling application: /home/gdube/hpcgpu/ece8780_p1/build/gray_35_16 ./testimgs/lemons_3456_2304.png ./grayimgs/graylemons_3456_2304.png
==189036== Profiling result:
   Start  Duration            Grid Size      Block Size     Regs*    SSMem*    DSMem*      Size  Throughput  SrcMemType  DstMemType           Device   Context    Stream  Name
342.96ms  10.061ms                    -               -         -         -         -  30.375MB  2.9484GB/s    Pageable      Device   Tesla K20m (0)         1         7  [CUDA memcpy HtoD]
353.03ms  469.28us          (216 144 1)       (16 16 1)        10        0B        0B         -           -           -           -   Tesla K20m (0)         1         7  im2Gray(uchar4*, unsigned char*, int, int) [114]
353.55ms  3.4487ms                    -               -         -         -         -  7.5938MB  2.1503GB/s      Device    Pageable   Tesla K20m (0)         1         7  [CUDA memcpy DtoH]

Regs: Number of registers used per CUDA thread. This number includes registers used internally by the CUDA driver and/or tools and can be more than what the compiler shows.
SSMem: Static shared memory allocated per CUDA block.
DSMem: Dynamic shared memory allocated per CUDA block.
SrcMemType: The type of source memory accessed by memory operation/copy
DstMemType: The type of destination memory accessed by memory operation/copy
Running application: gray_35_16
==189076== NVPROF is profiling process 189076, command: /home/gdube/hpcgpu/ece8780_p1/build/gray_35_16 ./testimgs/lena_400_225.jpeg ./grayimgs/graylena_400_225.jpeg
Finished kernel launch 
PASSED!==189076== Profiling application: /home/gdube/hpcgpu/ece8780_p1/build/gray_35_16 ./testimgs/lena_400_225.jpeg ./grayimgs/graylena_400_225.jpeg
==189076== Profiling result:
   Start  Duration            Grid Size      Block Size     Regs*    SSMem*    DSMem*      Size  Throughput  SrcMemType  DstMemType           Device   Context    Stream  Name
343.29ms  60.897us                    -               -         -         -         -  351.56KB  5.5056GB/s    Pageable      Device   Tesla K20m (0)         1         7  [CUDA memcpy HtoD]
343.36ms  7.8720us            (25 15 1)       (16 16 1)        10        0B        0B         -           -           -           -   Tesla K20m (0)         1         7  im2Gray(uchar4*, unsigned char*, int, int) [114]
343.40ms  14.112us                    -               -         -         -         -  87.891KB  5.9396GB/s      Device    Pageable   Tesla K20m (0)         1         7  [CUDA memcpy DtoH]

Regs: Number of registers used per CUDA thread. This number includes registers used internally by the CUDA driver and/or tools and can be more than what the compiler shows.
SSMem: Static shared memory allocated per CUDA block.
DSMem: Dynamic shared memory allocated per CUDA block.
SrcMemType: The type of source memory accessed by memory operation/copy
DstMemType: The type of destination memory accessed by memory operation/copy
Running application: gray_35_16
==189094== NVPROF is profiling process 189094, command: /home/gdube/hpcgpu/ece8780_p1/build/gray_35_16 ./testimgs/peppers_506_326.jpeg ./grayimgs/graypeppers_506_326.jpeg
Finished kernel launch 
PASSED!==189094== Profiling application: /home/gdube/hpcgpu/ece8780_p1/build/gray_35_16 ./testimgs/peppers_506_326.jpeg ./grayimgs/graypeppers_506_326.jpeg
==189094== Profiling result:
   Start  Duration            Grid Size      Block Size     Regs*    SSMem*    DSMem*      Size  Throughput  SrcMemType  DstMemType           Device   Context    Stream  Name
339.38ms  95.745us                    -               -         -         -         -  564.73KB  5.6250GB/s    Pageable      Device   Tesla K20m (0)         1         7  [CUDA memcpy HtoD]
339.49ms  11.424us            (30 20 1)       (16 16 1)        10        0B        0B         -           -           -           -   Tesla K20m (0)         1         7  im2Gray(uchar4*, unsigned char*, int, int) [114]
339.53ms  22.177us                    -               -         -         -         -  141.18KB  6.0712GB/s      Device    Pageable   Tesla K20m (0)         1         7  [CUDA memcpy DtoH]

Regs: Number of registers used per CUDA thread. This number includes registers used internally by the CUDA driver and/or tools and can be more than what the compiler shows.
SSMem: Static shared memory allocated per CUDA block.
DSMem: Dynamic shared memory allocated per CUDA block.
SrcMemType: The type of source memory accessed by memory operation/copy
DstMemType: The type of destination memory accessed by memory operation/copy
Running application: gray_35_32
==189134== NVPROF is profiling process 189134, command: /home/gdube/hpcgpu/ece8780_p1/build/gray_35_32 ./testimgs/baboon_512_512.png ./grayimgs/graybaboon_512_512.png
Finished kernel launch 
PASSED!==189134== Profiling application: /home/gdube/hpcgpu/ece8780_p1/build/gray_35_32 ./testimgs/baboon_512_512.png ./grayimgs/graybaboon_512_512.png
==189134== Profiling result:
   Start  Duration            Grid Size      Block Size     Regs*    SSMem*    DSMem*      Size  Throughput  SrcMemType  DstMemType           Device   Context    Stream  Name
362.65ms  171.62us                    -               -         -         -         -  1.0000MB  5.6904GB/s    Pageable      Device   Tesla K20m (0)         1         7  [CUDA memcpy HtoD]
362.83ms  21.153us            (16 16 1)       (32 32 1)        10        0B        0B         -           -           -           -   Tesla K20m (0)         1         7  im2Gray(uchar4*, unsigned char*, int, int) [114]
362.90ms  48.320us                    -               -         -         -         -  256.00KB  5.0526GB/s      Device    Pageable   Tesla K20m (0)         1         7  [CUDA memcpy DtoH]

Regs: Number of registers used per CUDA thread. This number includes registers used internally by the CUDA driver and/or tools and can be more than what the compiler shows.
SSMem: Static shared memory allocated per CUDA block.
DSMem: Dynamic shared memory allocated per CUDA block.
SrcMemType: The type of source memory accessed by memory operation/copy
DstMemType: The type of destination memory accessed by memory operation/copy
Running application: gray_35_32
==189171== NVPROF is profiling process 189171, command: /home/gdube/hpcgpu/ece8780_p1/build/gray_35_32 ./testimgs/doggo_1600_1200.jpeg ./grayimgs/graydoggo_1600_1200.jpeg
Finished kernel launch 
PASSED!==189171== Profiling application: /home/gdube/hpcgpu/ece8780_p1/build/gray_35_32 ./testimgs/doggo_1600_1200.jpeg ./grayimgs/graydoggo_1600_1200.jpeg
==189171== Profiling result:
   Start  Duration            Grid Size      Block Size     Regs*    SSMem*    DSMem*      Size  Throughput  SrcMemType  DstMemType           Device   Context    Stream  Name
338.06ms  2.1564ms                    -               -         -         -         -  7.3242MB  3.3169GB/s    Pageable      Device   Tesla K20m (0)         1         7  [CUDA memcpy HtoD]
340.23ms  150.24us            (50 38 1)       (32 32 1)        10        0B        0B         -           -           -           -   Tesla K20m (0)         1         7  im2Gray(uchar4*, unsigned char*, int, int) [114]
340.42ms  289.57us                    -               -         -         -         -  1.8311MB  6.1752GB/s      Device    Pageable   Tesla K20m (0)         1         7  [CUDA memcpy DtoH]

Regs: Number of registers used per CUDA thread. This number includes registers used internally by the CUDA driver and/or tools and can be more than what the compiler shows.
SSMem: Static shared memory allocated per CUDA block.
DSMem: Dynamic shared memory allocated per CUDA block.
SrcMemType: The type of source memory accessed by memory operation/copy
DstMemType: The type of destination memory accessed by memory operation/copy
Running application: gray_35_32
==189210== NVPROF is profiling process 189210, command: /home/gdube/hpcgpu/ece8780_p1/build/gray_35_32 ./testimgs/lemons_3456_2304.png ./grayimgs/graylemons_3456_2304.png
Finished kernel launch 
PASSED!==189210== Profiling application: /home/gdube/hpcgpu/ece8780_p1/build/gray_35_32 ./testimgs/lemons_3456_2304.png ./grayimgs/graylemons_3456_2304.png
==189210== Profiling result:
   Start  Duration            Grid Size      Block Size     Regs*    SSMem*    DSMem*      Size  Throughput  SrcMemType  DstMemType           Device   Context    Stream  Name
343.08ms  9.8912ms                    -               -         -         -         -  30.375MB  2.9989GB/s    Pageable      Device   Tesla K20m (0)         1         7  [CUDA memcpy HtoD]
352.98ms  602.50us           (108 72 1)       (32 32 1)        10        0B        0B         -           -           -           -   Tesla K20m (0)         1         7  im2Gray(uchar4*, unsigned char*, int, int) [114]
353.63ms  2.9250ms                    -               -         -         -         -  7.5938MB  2.5353GB/s      Device    Pageable   Tesla K20m (0)         1         7  [CUDA memcpy DtoH]

Regs: Number of registers used per CUDA thread. This number includes registers used internally by the CUDA driver and/or tools and can be more than what the compiler shows.
SSMem: Static shared memory allocated per CUDA block.
DSMem: Dynamic shared memory allocated per CUDA block.
SrcMemType: The type of source memory accessed by memory operation/copy
DstMemType: The type of destination memory accessed by memory operation/copy
Running application: gray_35_32
==189248== NVPROF is profiling process 189248, command: /home/gdube/hpcgpu/ece8780_p1/build/gray_35_32 ./testimgs/lena_400_225.jpeg ./grayimgs/graylena_400_225.jpeg
Finished kernel launch 
PASSED!==189248== Profiling application: /home/gdube/hpcgpu/ece8780_p1/build/gray_35_32 ./testimgs/lena_400_225.jpeg ./grayimgs/graylena_400_225.jpeg
==189248== Profiling result:
   Start  Duration            Grid Size      Block Size     Regs*    SSMem*    DSMem*      Size  Throughput  SrcMemType  DstMemType           Device   Context    Stream  Name
341.25ms  60.896us                    -               -         -         -         -  351.56KB  5.5057GB/s    Pageable      Device   Tesla K20m (0)         1         7  [CUDA memcpy HtoD]
341.32ms  10.208us             (13 8 1)       (32 32 1)        10        0B        0B         -           -           -           -   Tesla K20m (0)         1         7  im2Gray(uchar4*, unsigned char*, int, int) [114]
341.37ms  14.112us                    -               -         -         -         -  87.891KB  5.9396GB/s      Device    Pageable   Tesla K20m (0)         1         7  [CUDA memcpy DtoH]

Regs: Number of registers used per CUDA thread. This number includes registers used internally by the CUDA driver and/or tools and can be more than what the compiler shows.
SSMem: Static shared memory allocated per CUDA block.
DSMem: Dynamic shared memory allocated per CUDA block.
SrcMemType: The type of source memory accessed by memory operation/copy
DstMemType: The type of destination memory accessed by memory operation/copy
Running application: gray_35_32
==189268== NVPROF is profiling process 189268, command: /home/gdube/hpcgpu/ece8780_p1/build/gray_35_32 ./testimgs/peppers_506_326.jpeg ./grayimgs/graypeppers_506_326.jpeg
Finished kernel launch 
PASSED!==189268== Profiling application: /home/gdube/hpcgpu/ece8780_p1/build/gray_35_32 ./testimgs/peppers_506_326.jpeg ./grayimgs/graypeppers_506_326.jpeg
==189268== Profiling result:
   Start  Duration            Grid Size      Block Size     Regs*    SSMem*    DSMem*      Size  Throughput  SrcMemType  DstMemType           Device   Context    Stream  Name
344.85ms  96.065us                    -               -         -         -         -  564.73KB  5.6063GB/s    Pageable      Device   Tesla K20m (0)         1         7  [CUDA memcpy HtoD]
344.96ms  14.464us            (15 10 1)       (32 32 1)        10        0B        0B         -           -           -           -   Tesla K20m (0)         1         7  im2Gray(uchar4*, unsigned char*, int, int) [114]
345.01ms  22.208us                    -               -         -         -         -  141.18KB  6.0627GB/s      Device    Pageable   Tesla K20m (0)         1         7  [CUDA memcpy DtoH]

Regs: Number of registers used per CUDA thread. This number includes registers used internally by the CUDA driver and/or tools and can be more than what the compiler shows.
SSMem: Static shared memory allocated per CUDA block.
DSMem: Dynamic shared memory allocated per CUDA block.
SrcMemType: The type of source memory accessed by memory operation/copy
DstMemType: The type of destination memory accessed by memory operation/copy
Running application: gray_35_4
==189308== NVPROF is profiling process 189308, command: /home/gdube/hpcgpu/ece8780_p1/build/gray_35_4 ./testimgs/baboon_512_512.png ./grayimgs/graybaboon_512_512.png
Finished kernel launch 
PASSED!==189308== Profiling application: /home/gdube/hpcgpu/ece8780_p1/build/gray_35_4 ./testimgs/baboon_512_512.png ./grayimgs/graybaboon_512_512.png
==189308== Profiling result:
   Start  Duration            Grid Size      Block Size     Regs*    SSMem*    DSMem*      Size  Throughput  SrcMemType  DstMemType           Device   Context    Stream  Name
344.68ms  171.97us                    -               -         -         -         -  1.0000MB  5.6787GB/s    Pageable      Device   Tesla K20m (0)         1         7  [CUDA memcpy HtoD]
344.86ms  96.609us          (128 128 1)         (4 4 1)        10        0B        0B         -           -           -           -   Tesla K20m (0)         1         7  im2Gray(uchar4*, unsigned char*, int, int) [114]
345.02ms  39.329us                    -               -         -         -         -  256.00KB  6.2076GB/s      Device    Pageable   Tesla K20m (0)         1         7  [CUDA memcpy DtoH]

Regs: Number of registers used per CUDA thread. This number includes registers used internally by the CUDA driver and/or tools and can be more than what the compiler shows.
SSMem: Static shared memory allocated per CUDA block.
DSMem: Dynamic shared memory allocated per CUDA block.
SrcMemType: The type of source memory accessed by memory operation/copy
DstMemType: The type of destination memory accessed by memory operation/copy
Running application: gray_35_4
==189347== NVPROF is profiling process 189347, command: /home/gdube/hpcgpu/ece8780_p1/build/gray_35_4 ./testimgs/doggo_1600_1200.jpeg ./grayimgs/graydoggo_1600_1200.jpeg
Finished kernel launch 
PASSED!==189347== Profiling application: /home/gdube/hpcgpu/ece8780_p1/build/gray_35_4 ./testimgs/doggo_1600_1200.jpeg ./grayimgs/graydoggo_1600_1200.jpeg
==189347== Profiling result:
   Start  Duration            Grid Size      Block Size     Regs*    SSMem*    DSMem*      Size  Throughput  SrcMemType  DstMemType           Device   Context    Stream  Name
344.38ms  2.1220ms                    -               -         -         -         -  7.3242MB  3.3707GB/s    Pageable      Device   Tesla K20m (0)         1         7  [CUDA memcpy HtoD]
346.51ms  772.07us          (400 300 1)         (4 4 1)        10        0B        0B         -           -           -           -   Tesla K20m (0)         1         7  im2Gray(uchar4*, unsigned char*, int, int) [114]
347.32ms  289.51us                    -               -         -         -         -  1.8311MB  6.1765GB/s      Device    Pageable   Tesla K20m (0)         1         7  [CUDA memcpy DtoH]

Regs: Number of registers used per CUDA thread. This number includes registers used internally by the CUDA driver and/or tools and can be more than what the compiler shows.
SSMem: Static shared memory allocated per CUDA block.
DSMem: Dynamic shared memory allocated per CUDA block.
SrcMemType: The type of source memory accessed by memory operation/copy
DstMemType: The type of destination memory accessed by memory operation/copy
Running application: gray_35_4
==189383== NVPROF is profiling process 189383, command: /home/gdube/hpcgpu/ece8780_p1/build/gray_35_4 ./testimgs/lemons_3456_2304.png ./grayimgs/graylemons_3456_2304.png
Finished kernel launch 
PASSED!==189383== Profiling application: /home/gdube/hpcgpu/ece8780_p1/build/gray_35_4 ./testimgs/lemons_3456_2304.png ./grayimgs/graylemons_3456_2304.png
==189383== Profiling result:
   Start  Duration            Grid Size      Block Size     Regs*    SSMem*    DSMem*      Size  Throughput  SrcMemType  DstMemType           Device   Context    Stream  Name
342.49ms  9.4168ms                    -               -         -         -         -  30.375MB  3.1500GB/s    Pageable      Device   Tesla K20m (0)         1         7  [CUDA memcpy HtoD]
351.91ms  3.1933ms          (864 576 1)         (4 4 1)        10        0B        0B         -           -           -           -   Tesla K20m (0)         1         7  im2Gray(uchar4*, unsigned char*, int, int) [114]
355.15ms  3.1060ms                    -               -         -         -         -  7.5938MB  2.3876GB/s      Device    Pageable   Tesla K20m (0)         1         7  [CUDA memcpy DtoH]

Regs: Number of registers used per CUDA thread. This number includes registers used internally by the CUDA driver and/or tools and can be more than what the compiler shows.
SSMem: Static shared memory allocated per CUDA block.
DSMem: Dynamic shared memory allocated per CUDA block.
SrcMemType: The type of source memory accessed by memory operation/copy
DstMemType: The type of destination memory accessed by memory operation/copy
Running application: gray_35_4
==189423== NVPROF is profiling process 189423, command: /home/gdube/hpcgpu/ece8780_p1/build/gray_35_4 ./testimgs/lena_400_225.jpeg ./grayimgs/graylena_400_225.jpeg
Finished kernel launch 
PASSED!==189423== Profiling application: /home/gdube/hpcgpu/ece8780_p1/build/gray_35_4 ./testimgs/lena_400_225.jpeg ./grayimgs/graylena_400_225.jpeg
==189423== Profiling result:
   Start  Duration            Grid Size      Block Size     Regs*    SSMem*    DSMem*      Size  Throughput  SrcMemType  DstMemType           Device   Context    Stream  Name
339.31ms  61.184us                    -               -         -         -         -  351.56KB  5.4798GB/s    Pageable      Device   Tesla K20m (0)         1         7  [CUDA memcpy HtoD]
339.38ms  35.072us           (100 57 1)         (4 4 1)        10        0B        0B         -           -           -           -   Tesla K20m (0)         1         7  im2Gray(uchar4*, unsigned char*, int, int) [114]
339.46ms  14.080us                    -               -         -         -         -  87.891KB  5.9531GB/s      Device    Pageable   Tesla K20m (0)         1         7  [CUDA memcpy DtoH]

Regs: Number of registers used per CUDA thread. This number includes registers used internally by the CUDA driver and/or tools and can be more than what the compiler shows.
SSMem: Static shared memory allocated per CUDA block.
DSMem: Dynamic shared memory allocated per CUDA block.
SrcMemType: The type of source memory accessed by memory operation/copy
DstMemType: The type of destination memory accessed by memory operation/copy
Running application: gray_35_4
==189442== NVPROF is profiling process 189442, command: /home/gdube/hpcgpu/ece8780_p1/build/gray_35_4 ./testimgs/peppers_506_326.jpeg ./grayimgs/graypeppers_506_326.jpeg
Finished kernel launch 
PASSED!==189442== Profiling application: /home/gdube/hpcgpu/ece8780_p1/build/gray_35_4 ./testimgs/peppers_506_326.jpeg ./grayimgs/graypeppers_506_326.jpeg
==189442== Profiling result:
   Start  Duration            Grid Size      Block Size     Regs*    SSMem*    DSMem*      Size  Throughput  SrcMemType  DstMemType           Device   Context    Stream  Name
344.45ms  96.097us                    -               -         -         -         -  564.73KB  5.6044GB/s    Pageable      Device   Tesla K20m (0)         1         7  [CUDA memcpy HtoD]
344.56ms  55.425us           (119 77 1)         (4 4 1)        10        0B        0B         -           -           -           -   Tesla K20m (0)         1         7  im2Gray(uchar4*, unsigned char*, int, int) [114]
344.66ms  22.208us                    -               -         -         -         -  141.18KB  6.0627GB/s      Device    Pageable   Tesla K20m (0)         1         7  [CUDA memcpy DtoH]

Regs: Number of registers used per CUDA thread. This number includes registers used internally by the CUDA driver and/or tools and can be more than what the compiler shows.
SSMem: Static shared memory allocated per CUDA block.
DSMem: Dynamic shared memory allocated per CUDA block.
SrcMemType: The type of source memory accessed by memory operation/copy
DstMemType: The type of destination memory accessed by memory operation/copy
Running application: gray_35_8
==189482== NVPROF is profiling process 189482, command: /home/gdube/hpcgpu/ece8780_p1/build/gray_35_8 ./testimgs/baboon_512_512.png ./grayimgs/graybaboon_512_512.png
Finished kernel launch 
PASSED!==189482== Profiling application: /home/gdube/hpcgpu/ece8780_p1/build/gray_35_8 ./testimgs/baboon_512_512.png ./grayimgs/graybaboon_512_512.png
==189482== Profiling result:
   Start  Duration            Grid Size      Block Size     Regs*    SSMem*    DSMem*      Size  Throughput  SrcMemType  DstMemType           Device   Context    Stream  Name
381.91ms  171.65us                    -               -         -         -         -  1.0000MB  5.6893GB/s    Pageable      Device   Tesla K20m (0)         1         7  [CUDA memcpy HtoD]
382.10ms  27.841us            (64 64 1)         (8 8 1)        10        0B        0B         -           -           -           -   Tesla K20m (0)         1         7  im2Gray(uchar4*, unsigned char*, int, int) [114]
382.16ms  39.328us                    -               -         -         -         -  256.00KB  6.2078GB/s      Device    Pageable   Tesla K20m (0)         1         7  [CUDA memcpy DtoH]

Regs: Number of registers used per CUDA thread. This number includes registers used internally by the CUDA driver and/or tools and can be more than what the compiler shows.
SSMem: Static shared memory allocated per CUDA block.
DSMem: Dynamic shared memory allocated per CUDA block.
SrcMemType: The type of source memory accessed by memory operation/copy
DstMemType: The type of destination memory accessed by memory operation/copy
Running application: gray_35_8
==189521== NVPROF is profiling process 189521, command: /home/gdube/hpcgpu/ece8780_p1/build/gray_35_8 ./testimgs/doggo_1600_1200.jpeg ./grayimgs/graydoggo_1600_1200.jpeg
Finished kernel launch 
PASSED!==189521== Profiling application: /home/gdube/hpcgpu/ece8780_p1/build/gray_35_8 ./testimgs/doggo_1600_1200.jpeg ./grayimgs/graydoggo_1600_1200.jpeg
==189521== Profiling result:
   Start  Duration            Grid Size      Block Size     Regs*    SSMem*    DSMem*      Size  Throughput  SrcMemType  DstMemType           Device   Context    Stream  Name
345.88ms  2.1307ms                    -               -         -         -         -  7.3242MB  3.3570GB/s    Pageable      Device   Tesla K20m (0)         1         7  [CUDA memcpy HtoD]
348.03ms  212.61us          (200 150 1)         (8 8 1)        10        0B        0B         -           -           -           -   Tesla K20m (0)         1         7  im2Gray(uchar4*, unsigned char*, int, int) [114]
348.28ms  297.70us                    -               -         -         -         -  1.8311MB  6.0066GB/s      Device    Pageable   Tesla K20m (0)         1         7  [CUDA memcpy DtoH]

Regs: Number of registers used per CUDA thread. This number includes registers used internally by the CUDA driver and/or tools and can be more than what the compiler shows.
SSMem: Static shared memory allocated per CUDA block.
DSMem: Dynamic shared memory allocated per CUDA block.
SrcMemType: The type of source memory accessed by memory operation/copy
DstMemType: The type of destination memory accessed by memory operation/copy
Running application: gray_35_8
==189559== NVPROF is profiling process 189559, command: /home/gdube/hpcgpu/ece8780_p1/build/gray_35_8 ./testimgs/lemons_3456_2304.png ./grayimgs/graylemons_3456_2304.png
Finished kernel launch 
PASSED!==189559== Profiling application: /home/gdube/hpcgpu/ece8780_p1/build/gray_35_8 ./testimgs/lemons_3456_2304.png ./grayimgs/graylemons_3456_2304.png
==189559== Profiling result:
   Start  Duration            Grid Size      Block Size     Regs*    SSMem*    DSMem*      Size  Throughput  SrcMemType  DstMemType           Device   Context    Stream  Name
346.67ms  9.6129ms                    -               -         -         -         -  30.375MB  3.0858GB/s    Pageable      Device   Tesla K20m (0)         1         7  [CUDA memcpy HtoD]
356.30ms  873.41us          (432 288 1)         (8 8 1)        10        0B        0B         -           -           -           -   Tesla K20m (0)         1         7  im2Gray(uchar4*, unsigned char*, int, int) [114]
357.22ms  3.8649ms                    -               -         -         -         -  7.5938MB  1.9188GB/s      Device    Pageable   Tesla K20m (0)         1         7  [CUDA memcpy DtoH]

Regs: Number of registers used per CUDA thread. This number includes registers used internally by the CUDA driver and/or tools and can be more than what the compiler shows.
SSMem: Static shared memory allocated per CUDA block.
DSMem: Dynamic shared memory allocated per CUDA block.
SrcMemType: The type of source memory accessed by memory operation/copy
DstMemType: The type of destination memory accessed by memory operation/copy
Running application: gray_35_8
==189604== NVPROF is profiling process 189604, command: /home/gdube/hpcgpu/ece8780_p1/build/gray_35_8 ./testimgs/lena_400_225.jpeg ./grayimgs/graylena_400_225.jpeg
Finished kernel launch 
PASSED!==189604== Profiling application: /home/gdube/hpcgpu/ece8780_p1/build/gray_35_8 ./testimgs/lena_400_225.jpeg ./grayimgs/graylena_400_225.jpeg
==189604== Profiling result:
   Start  Duration            Grid Size      Block Size     Regs*    SSMem*    DSMem*      Size  Throughput  SrcMemType  DstMemType           Device   Context    Stream  Name
342.93ms  60.833us                    -               -         -         -         -  351.56KB  5.5114GB/s    Pageable      Device   Tesla K20m (0)         1         7  [CUDA memcpy HtoD]
343.01ms  11.776us            (50 29 1)         (8 8 1)        10        0B        0B         -           -           -           -   Tesla K20m (0)         1         7  im2Gray(uchar4*, unsigned char*, int, int) [114]
343.06ms  14.049us                    -               -         -         -         -  87.891KB  5.9662GB/s      Device    Pageable   Tesla K20m (0)         1         7  [CUDA memcpy DtoH]

Regs: Number of registers used per CUDA thread. This number includes registers used internally by the CUDA driver and/or tools and can be more than what the compiler shows.
SSMem: Static shared memory allocated per CUDA block.
DSMem: Dynamic shared memory allocated per CUDA block.
SrcMemType: The type of source memory accessed by memory operation/copy
DstMemType: The type of destination memory accessed by memory operation/copy
Running application: gray_35_8
==189627== NVPROF is profiling process 189627, command: /home/gdube/hpcgpu/ece8780_p1/build/gray_35_8 ./testimgs/peppers_506_326.jpeg ./grayimgs/graypeppers_506_326.jpeg
Finished kernel launch 
PASSED!==189627== Profiling application: /home/gdube/hpcgpu/ece8780_p1/build/gray_35_8 ./testimgs/peppers_506_326.jpeg ./grayimgs/graypeppers_506_326.jpeg
==189627== Profiling result:
   Start  Duration            Grid Size      Block Size     Regs*    SSMem*    DSMem*      Size  Throughput  SrcMemType  DstMemType           Device   Context    Stream  Name
343.00ms  96.001us                    -               -         -         -         -  564.73KB  5.6100GB/s    Pageable      Device   Tesla K20m (0)         1         7  [CUDA memcpy HtoD]
343.11ms  17.985us            (60 39 1)         (8 8 1)        10        0B        0B         -           -           -           -   Tesla K20m (0)         1         7  im2Gray(uchar4*, unsigned char*, int, int) [114]
343.17ms  22.304us                    -               -         -         -         -  141.18KB  6.0366GB/s      Device    Pageable   Tesla K20m (0)         1         7  [CUDA memcpy DtoH]

Regs: Number of registers used per CUDA thread. This number includes registers used internally by the CUDA driver and/or tools and can be more than what the compiler shows.
SSMem: Static shared memory allocated per CUDA block.
DSMem: Dynamic shared memory allocated per CUDA block.
SrcMemType: The type of source memory accessed by memory operation/copy
DstMemType: The type of destination memory accessed by memory operation/copy
