Changing directories to /home/gdube/hpcgpu/ece8780_p1
Running application: gray_70_16
==1572119== NVPROF is profiling process 1572119, command: /home/gdube/hpcgpu/ece8780_p1/build/gray_70_16 ./testimgs/baboon_512_512.png ./grayimgs/graybaboon_512_512.png
Finished kernel launch 
PASSED!==1572119== Profiling application: /home/gdube/hpcgpu/ece8780_p1/build/gray_70_16 ./testimgs/baboon_512_512.png ./grayimgs/graybaboon_512_512.png
==1572119== Profiling result:
   Start  Duration            Grid Size      Block Size     Regs*    SSMem*    DSMem*      Size  Throughput  SrcMemType  DstMemType           Device   Context    Stream  Name
428.37ms  88.287us                    -               -         -         -         -  1.0000MB  11.061GB/s    Pageable      Device  Tesla V100-PCIE         1         7  [CUDA memcpy HtoD]
428.47ms  3.7440us            (32 32 1)       (16 16 1)        16        0B        0B         -           -           -           -  Tesla V100-PCIE         1         7  im2Gray(uchar4*, unsigned char*, int, int) [114]
428.48ms  3.6480us            (32 32 1)       (16 16 1)        16  1.0000KB        0B         -           -           -           -  Tesla V100-PCIE         1         7  im2Gray_s(uchar4*, unsigned char*, int, int) [115]
428.52ms  20.704us                    -               -         -         -         -  256.00KB  11.792GB/s      Device    Pageable  Tesla V100-PCIE         1         7  [CUDA memcpy DtoH]

Regs: Number of registers used per CUDA thread. This number includes registers used internally by the CUDA driver and/or tools and can be more than what the compiler shows.
SSMem: Static shared memory allocated per CUDA block.
DSMem: Dynamic shared memory allocated per CUDA block.
SrcMemType: The type of source memory accessed by memory operation/copy
DstMemType: The type of destination memory accessed by memory operation/copy
Running application: gray_70_16
==1572132== NVPROF is profiling process 1572132, command: /home/gdube/hpcgpu/ece8780_p1/build/gray_70_16 ./testimgs/doggo_1600_1200.jpeg ./grayimgs/graydoggo_1600_1200.jpeg
Finished kernel launch 
PASSED!==1572132== Profiling application: /home/gdube/hpcgpu/ece8780_p1/build/gray_70_16 ./testimgs/doggo_1600_1200.jpeg ./grayimgs/graydoggo_1600_1200.jpeg
==1572132== Profiling result:
   Start  Duration            Grid Size      Block Size     Regs*    SSMem*    DSMem*      Size  Throughput  SrcMemType  DstMemType           Device   Context    Stream  Name
400.52ms  1.4852ms                    -               -         -         -         -  7.3242MB  4.8159GB/s    Pageable      Device  Tesla V100-PCIE         1         7  [CUDA memcpy HtoD]
402.01ms  19.808us           (100 75 1)       (16 16 1)        16        0B        0B         -           -           -           -  Tesla V100-PCIE         1         7  im2Gray(uchar4*, unsigned char*, int, int) [114]
402.04ms  17.056us           (100 75 1)       (16 16 1)        16  1.0000KB        0B         -           -           -           -  Tesla V100-PCIE         1         7  im2Gray_s(uchar4*, unsigned char*, int, int) [115]
402.10ms  148.70us                    -               -         -         -         -  1.8311MB  12.025GB/s      Device    Pageable  Tesla V100-PCIE         1         7  [CUDA memcpy DtoH]

Regs: Number of registers used per CUDA thread. This number includes registers used internally by the CUDA driver and/or tools and can be more than what the compiler shows.
SSMem: Static shared memory allocated per CUDA block.
DSMem: Dynamic shared memory allocated per CUDA block.
SrcMemType: The type of source memory accessed by memory operation/copy
DstMemType: The type of destination memory accessed by memory operation/copy
Running application: gray_70_16
==1572145== NVPROF is profiling process 1572145, command: /home/gdube/hpcgpu/ece8780_p1/build/gray_70_16 ./testimgs/lemons_3456_2304.png ./grayimgs/graylemons_3456_2304.png
Finished kernel launch 
PASSED!==1572145== Profiling application: /home/gdube/hpcgpu/ece8780_p1/build/gray_70_16 ./testimgs/lemons_3456_2304.png ./grayimgs/graylemons_3456_2304.png
==1572145== Profiling result:
   Start  Duration            Grid Size      Block Size     Regs*    SSMem*    DSMem*      Size  Throughput  SrcMemType  DstMemType           Device   Context    Stream  Name
400.99ms  6.7508ms                    -               -         -         -         -  30.375MB  4.3940GB/s    Pageable      Device  Tesla V100-PCIE         1         7  [CUDA memcpy HtoD]
407.77ms  67.423us          (216 144 1)       (16 16 1)        16        0B        0B         -           -           -           -  Tesla V100-PCIE         1         7  im2Gray(uchar4*, unsigned char*, int, int) [114]
407.83ms  64.480us          (216 144 1)       (16 16 1)        16  1.0000KB        0B         -           -           -           -  Tesla V100-PCIE         1         7  im2Gray_s(uchar4*, unsigned char*, int, int) [115]
407.95ms  4.4814ms                    -               -         -         -         -  7.5938MB  1.6548GB/s      Device    Pageable  Tesla V100-PCIE         1         7  [CUDA memcpy DtoH]

Regs: Number of registers used per CUDA thread. This number includes registers used internally by the CUDA driver and/or tools and can be more than what the compiler shows.
SSMem: Static shared memory allocated per CUDA block.
DSMem: Dynamic shared memory allocated per CUDA block.
SrcMemType: The type of source memory accessed by memory operation/copy
DstMemType: The type of destination memory accessed by memory operation/copy
Running application: gray_70_16
==1572159== NVPROF is profiling process 1572159, command: /home/gdube/hpcgpu/ece8780_p1/build/gray_70_16 ./testimgs/lena_400_225.jpeg ./grayimgs/graylena_400_225.jpeg
Finished kernel launch 
PASSED!==1572159== Profiling application: /home/gdube/hpcgpu/ece8780_p1/build/gray_70_16 ./testimgs/lena_400_225.jpeg ./grayimgs/graylena_400_225.jpeg
==1572159== Profiling result:
   Start  Duration            Grid Size      Block Size     Regs*    SSMem*    DSMem*      Size  Throughput  SrcMemType  DstMemType           Device   Context    Stream  Name
402.65ms  32.192us                    -               -         -         -         -  351.56KB  10.415GB/s    Pageable      Device  Tesla V100-PCIE         1         7  [CUDA memcpy HtoD]
402.71ms  2.5600us            (25 15 1)       (16 16 1)        16        0B        0B         -           -           -           -  Tesla V100-PCIE         1         7  im2Gray(uchar4*, unsigned char*, int, int) [114]
402.72ms  2.5280us            (25 15 1)       (16 16 1)        16  1.0000KB        0B         -           -           -           -  Tesla V100-PCIE         1         7  im2Gray_s(uchar4*, unsigned char*, int, int) [115]
402.77ms  7.5840us                    -               -         -         -         -  87.891KB  11.052GB/s      Device    Pageable  Tesla V100-PCIE         1         7  [CUDA memcpy DtoH]

Regs: Number of registers used per CUDA thread. This number includes registers used internally by the CUDA driver and/or tools and can be more than what the compiler shows.
SSMem: Static shared memory allocated per CUDA block.
DSMem: Dynamic shared memory allocated per CUDA block.
SrcMemType: The type of source memory accessed by memory operation/copy
DstMemType: The type of destination memory accessed by memory operation/copy
Running application: gray_70_16
==1572172== NVPROF is profiling process 1572172, command: /home/gdube/hpcgpu/ece8780_p1/build/gray_70_16 ./testimgs/peppers_506_326.jpeg ./grayimgs/graypeppers_506_326.jpeg
Finished kernel launch 
PASSED!==1572172== Profiling application: /home/gdube/hpcgpu/ece8780_p1/build/gray_70_16 ./testimgs/peppers_506_326.jpeg ./grayimgs/graypeppers_506_326.jpeg
==1572172== Profiling result:
   Start  Duration            Grid Size      Block Size     Regs*    SSMem*    DSMem*      Size  Throughput  SrcMemType  DstMemType           Device   Context    Stream  Name
433.26ms  50.239us                    -               -         -         -         -  564.73KB  10.720GB/s    Pageable      Device  Tesla V100-PCIE         1         7  [CUDA memcpy HtoD]
433.32ms  3.0080us            (30 20 1)       (16 16 1)        16        0B        0B         -           -           -           -  Tesla V100-PCIE         1         7  im2Gray(uchar4*, unsigned char*, int, int) [114]
433.32ms  2.9120us            (30 20 1)       (16 16 1)        16  1.0000KB        0B         -           -           -           -  Tesla V100-PCIE         1         7  im2Gray_s(uchar4*, unsigned char*, int, int) [115]
433.36ms  11.936us                    -               -         -         -         -  141.18KB  11.280GB/s      Device    Pageable  Tesla V100-PCIE         1         7  [CUDA memcpy DtoH]

Regs: Number of registers used per CUDA thread. This number includes registers used internally by the CUDA driver and/or tools and can be more than what the compiler shows.
SSMem: Static shared memory allocated per CUDA block.
DSMem: Dynamic shared memory allocated per CUDA block.
SrcMemType: The type of source memory accessed by memory operation/copy
DstMemType: The type of destination memory accessed by memory operation/copy
Running application: gray_70_32
==1572191== NVPROF is profiling process 1572191, command: /home/gdube/hpcgpu/ece8780_p1/build/gray_70_32 ./testimgs/baboon_512_512.png ./grayimgs/graybaboon_512_512.png
Finished kernel launch 
PASSED!==1572191== Profiling application: /home/gdube/hpcgpu/ece8780_p1/build/gray_70_32 ./testimgs/baboon_512_512.png ./grayimgs/graybaboon_512_512.png
==1572191== Profiling result:
   Start  Duration            Grid Size      Block Size     Regs*    SSMem*    DSMem*      Size  Throughput  SrcMemType  DstMemType           Device   Context    Stream  Name
414.66ms  88.415us                    -               -         -         -         -  1.0000MB  11.045GB/s    Pageable      Device  Tesla V100-PCIE         1         7  [CUDA memcpy HtoD]
414.75ms  3.5520us            (16 16 1)       (32 32 1)        16        0B        0B         -           -           -           -  Tesla V100-PCIE         1         7  im2Gray(uchar4*, unsigned char*, int, int) [114]
414.76ms  3.5200us            (16 16 1)       (32 32 1)        16  4.0000KB        0B         -           -           -           -  Tesla V100-PCIE         1         7  im2Gray_s(uchar4*, unsigned char*, int, int) [115]
414.81ms  20.992us                    -               -         -         -         -  256.00KB  11.630GB/s      Device    Pageable  Tesla V100-PCIE         1         7  [CUDA memcpy DtoH]

Regs: Number of registers used per CUDA thread. This number includes registers used internally by the CUDA driver and/or tools and can be more than what the compiler shows.
SSMem: Static shared memory allocated per CUDA block.
DSMem: Dynamic shared memory allocated per CUDA block.
SrcMemType: The type of source memory accessed by memory operation/copy
DstMemType: The type of destination memory accessed by memory operation/copy
Running application: gray_70_32
==1572207== NVPROF is profiling process 1572207, command: /home/gdube/hpcgpu/ece8780_p1/build/gray_70_32 ./testimgs/doggo_1600_1200.jpeg ./grayimgs/graydoggo_1600_1200.jpeg
Finished kernel launch 
PASSED!==1572207== Profiling application: /home/gdube/hpcgpu/ece8780_p1/build/gray_70_32 ./testimgs/doggo_1600_1200.jpeg ./grayimgs/graydoggo_1600_1200.jpeg
==1572207== Profiling result:
   Start  Duration            Grid Size      Block Size     Regs*    SSMem*    DSMem*      Size  Throughput  SrcMemType  DstMemType           Device   Context    Stream  Name
406.10ms  1.4783ms                    -               -         -         -         -  7.3242MB  4.8385GB/s    Pageable      Device  Tesla V100-PCIE         1         7  [CUDA memcpy HtoD]
407.60ms  21.792us            (50 38 1)       (32 32 1)        16        0B        0B         -           -           -           -  Tesla V100-PCIE         1         7  im2Gray(uchar4*, unsigned char*, int, int) [114]
407.62ms  19.551us            (50 38 1)       (32 32 1)        16  4.0000KB        0B         -           -           -           -  Tesla V100-PCIE         1         7  im2Gray_s(uchar4*, unsigned char*, int, int) [115]
407.69ms  149.15us                    -               -         -         -         -  1.8311MB  11.989GB/s      Device    Pageable  Tesla V100-PCIE         1         7  [CUDA memcpy DtoH]

Regs: Number of registers used per CUDA thread. This number includes registers used internally by the CUDA driver and/or tools and can be more than what the compiler shows.
SSMem: Static shared memory allocated per CUDA block.
DSMem: Dynamic shared memory allocated per CUDA block.
SrcMemType: The type of source memory accessed by memory operation/copy
DstMemType: The type of destination memory accessed by memory operation/copy
Running application: gray_70_32
==1572220== NVPROF is profiling process 1572220, command: /home/gdube/hpcgpu/ece8780_p1/build/gray_70_32 ./testimgs/lemons_3456_2304.png ./grayimgs/graylemons_3456_2304.png
Finished kernel launch 
PASSED!==1572220== Profiling application: /home/gdube/hpcgpu/ece8780_p1/build/gray_70_32 ./testimgs/lemons_3456_2304.png ./grayimgs/graylemons_3456_2304.png
==1572220== Profiling result:
   Start  Duration            Grid Size      Block Size     Regs*    SSMem*    DSMem*      Size  Throughput  SrcMemType  DstMemType           Device   Context    Stream  Name
402.36ms  6.7317ms                    -               -         -         -         -  30.375MB  4.4065GB/s    Pageable      Device  Tesla V100-PCIE         1         7  [CUDA memcpy HtoD]
409.12ms  76.703us           (108 72 1)       (32 32 1)        16        0B        0B         -           -           -           -  Tesla V100-PCIE         1         7  im2Gray(uchar4*, unsigned char*, int, int) [114]
409.19ms  75.295us           (108 72 1)       (32 32 1)        16  4.0000KB        0B         -           -           -           -  Tesla V100-PCIE         1         7  im2Gray_s(uchar4*, unsigned char*, int, int) [115]
409.32ms  4.6047ms                    -               -         -         -         -  7.5938MB  1.6105GB/s      Device    Pageable  Tesla V100-PCIE         1         7  [CUDA memcpy DtoH]

Regs: Number of registers used per CUDA thread. This number includes registers used internally by the CUDA driver and/or tools and can be more than what the compiler shows.
SSMem: Static shared memory allocated per CUDA block.
DSMem: Dynamic shared memory allocated per CUDA block.
SrcMemType: The type of source memory accessed by memory operation/copy
DstMemType: The type of destination memory accessed by memory operation/copy
Running application: gray_70_32
==1572234== NVPROF is profiling process 1572234, command: /home/gdube/hpcgpu/ece8780_p1/build/gray_70_32 ./testimgs/lena_400_225.jpeg ./grayimgs/graylena_400_225.jpeg
Finished kernel launch 
PASSED!==1572234== Profiling application: /home/gdube/hpcgpu/ece8780_p1/build/gray_70_32 ./testimgs/lena_400_225.jpeg ./grayimgs/graylena_400_225.jpeg
==1572234== Profiling result:
   Start  Duration            Grid Size      Block Size     Regs*    SSMem*    DSMem*      Size  Throughput  SrcMemType  DstMemType           Device   Context    Stream  Name
401.27ms  32.288us                    -               -         -         -         -  351.56KB  10.384GB/s    Pageable      Device  Tesla V100-PCIE         1         7  [CUDA memcpy HtoD]
401.31ms  2.5280us             (13 8 1)       (32 32 1)        16        0B        0B         -           -           -           -  Tesla V100-PCIE         1         7  im2Gray(uchar4*, unsigned char*, int, int) [114]
401.31ms  2.5280us             (13 8 1)       (32 32 1)        16  4.0000KB        0B         -           -           -           -  Tesla V100-PCIE         1         7  im2Gray_s(uchar4*, unsigned char*, int, int) [115]
401.35ms  7.5840us                    -               -         -         -         -  87.891KB  11.052GB/s      Device    Pageable  Tesla V100-PCIE         1         7  [CUDA memcpy DtoH]

Regs: Number of registers used per CUDA thread. This number includes registers used internally by the CUDA driver and/or tools and can be more than what the compiler shows.
SSMem: Static shared memory allocated per CUDA block.
DSMem: Dynamic shared memory allocated per CUDA block.
SrcMemType: The type of source memory accessed by memory operation/copy
DstMemType: The type of destination memory accessed by memory operation/copy
Running application: gray_70_32
==1572247== NVPROF is profiling process 1572247, command: /home/gdube/hpcgpu/ece8780_p1/build/gray_70_32 ./testimgs/peppers_506_326.jpeg ./grayimgs/graypeppers_506_326.jpeg
Finished kernel launch 
PASSED!==1572247== Profiling application: /home/gdube/hpcgpu/ece8780_p1/build/gray_70_32 ./testimgs/peppers_506_326.jpeg ./grayimgs/graypeppers_506_326.jpeg
==1572247== Profiling result:
   Start  Duration            Grid Size      Block Size     Regs*    SSMem*    DSMem*      Size  Throughput  SrcMemType  DstMemType           Device   Context    Stream  Name
402.03ms  50.335us                    -               -         -         -         -  564.73KB  10.700GB/s    Pageable      Device  Tesla V100-PCIE         1         7  [CUDA memcpy HtoD]
402.08ms  2.7840us            (15 10 1)       (32 32 1)        16        0B        0B         -           -           -           -  Tesla V100-PCIE         1         7  im2Gray(uchar4*, unsigned char*, int, int) [114]
402.09ms  2.6240us            (15 10 1)       (32 32 1)        16  4.0000KB        0B         -           -           -           -  Tesla V100-PCIE         1         7  im2Gray_s(uchar4*, unsigned char*, int, int) [115]
402.13ms  11.968us                    -               -         -         -         -  141.18KB  11.250GB/s      Device    Pageable  Tesla V100-PCIE         1         7  [CUDA memcpy DtoH]

Regs: Number of registers used per CUDA thread. This number includes registers used internally by the CUDA driver and/or tools and can be more than what the compiler shows.
SSMem: Static shared memory allocated per CUDA block.
DSMem: Dynamic shared memory allocated per CUDA block.
SrcMemType: The type of source memory accessed by memory operation/copy
DstMemType: The type of destination memory accessed by memory operation/copy
Running application: gray_70_4
==1572261== NVPROF is profiling process 1572261, command: /home/gdube/hpcgpu/ece8780_p1/build/gray_70_4 ./testimgs/baboon_512_512.png ./grayimgs/graybaboon_512_512.png
Finished kernel launch 
PASSED!==1572261== Profiling application: /home/gdube/hpcgpu/ece8780_p1/build/gray_70_4 ./testimgs/baboon_512_512.png ./grayimgs/graybaboon_512_512.png
==1572261== Profiling result:
   Start  Duration            Grid Size      Block Size     Regs*    SSMem*    DSMem*      Size  Throughput  SrcMemType  DstMemType           Device   Context    Stream  Name
401.75ms  88.479us                    -               -         -         -         -  1.0000MB  11.037GB/s    Pageable      Device  Tesla V100-PCIE         1         7  [CUDA memcpy HtoD]
401.85ms  29.984us          (128 128 1)         (4 4 1)        16        0B        0B         -           -           -           -  Tesla V100-PCIE         1         7  im2Gray(uchar4*, unsigned char*, int, int) [114]
401.88ms  29.663us          (128 128 1)         (4 4 1)        16       64B        0B         -           -           -           -  Tesla V100-PCIE         1         7  im2Gray_s(uchar4*, unsigned char*, int, int) [115]
401.95ms  20.672us                    -               -         -         -         -  256.00KB  11.810GB/s      Device    Pageable  Tesla V100-PCIE         1         7  [CUDA memcpy DtoH]

Regs: Number of registers used per CUDA thread. This number includes registers used internally by the CUDA driver and/or tools and can be more than what the compiler shows.
SSMem: Static shared memory allocated per CUDA block.
DSMem: Dynamic shared memory allocated per CUDA block.
SrcMemType: The type of source memory accessed by memory operation/copy
DstMemType: The type of destination memory accessed by memory operation/copy
Running application: gray_70_4
==1572274== NVPROF is profiling process 1572274, command: /home/gdube/hpcgpu/ece8780_p1/build/gray_70_4 ./testimgs/doggo_1600_1200.jpeg ./grayimgs/graydoggo_1600_1200.jpeg
Finished kernel launch 
PASSED!==1572274== Profiling application: /home/gdube/hpcgpu/ece8780_p1/build/gray_70_4 ./testimgs/doggo_1600_1200.jpeg ./grayimgs/graydoggo_1600_1200.jpeg
==1572274== Profiling result:
   Start  Duration            Grid Size      Block Size     Regs*    SSMem*    DSMem*      Size  Throughput  SrcMemType  DstMemType           Device   Context    Stream  Name
399.45ms  1.4772ms                    -               -         -         -         -  7.3242MB  4.8419GB/s    Pageable      Device  Tesla V100-PCIE         1         7  [CUDA memcpy HtoD]
400.93ms  206.46us          (400 300 1)         (4 4 1)        16        0B        0B         -           -           -           -  Tesla V100-PCIE         1         7  im2Gray(uchar4*, unsigned char*, int, int) [114]
401.14ms  206.30us          (400 300 1)         (4 4 1)        16       64B        0B         -           -           -           -  Tesla V100-PCIE         1         7  im2Gray_s(uchar4*, unsigned char*, int, int) [115]
401.39ms  148.61us                    -               -         -         -         -  1.8311MB  12.033GB/s      Device    Pageable  Tesla V100-PCIE         1         7  [CUDA memcpy DtoH]

Regs: Number of registers used per CUDA thread. This number includes registers used internally by the CUDA driver and/or tools and can be more than what the compiler shows.
SSMem: Static shared memory allocated per CUDA block.
DSMem: Dynamic shared memory allocated per CUDA block.
SrcMemType: The type of source memory accessed by memory operation/copy
DstMemType: The type of destination memory accessed by memory operation/copy
Running application: gray_70_4
==1572287== NVPROF is profiling process 1572287, command: /home/gdube/hpcgpu/ece8780_p1/build/gray_70_4 ./testimgs/lemons_3456_2304.png ./grayimgs/graylemons_3456_2304.png
Finished kernel launch 
PASSED!==1572287== Profiling application: /home/gdube/hpcgpu/ece8780_p1/build/gray_70_4 ./testimgs/lemons_3456_2304.png ./grayimgs/graylemons_3456_2304.png
==1572287== Profiling result:
   Start  Duration            Grid Size      Block Size     Regs*    SSMem*    DSMem*      Size  Throughput  SrcMemType  DstMemType           Device   Context    Stream  Name
403.90ms  6.6810ms                    -               -         -         -         -  30.375MB  4.4399GB/s    Pageable      Device  Tesla V100-PCIE         1         7  [CUDA memcpy HtoD]
410.61ms  849.24us          (864 576 1)         (4 4 1)        16        0B        0B         -           -           -           -  Tesla V100-PCIE         1         7  im2Gray(uchar4*, unsigned char*, int, int) [114]
411.46ms  849.14us          (864 576 1)         (4 4 1)        16       64B        0B         -           -           -           -  Tesla V100-PCIE         1         7  im2Gray_s(uchar4*, unsigned char*, int, int) [115]
412.36ms  4.6272ms                    -               -         -         -         -  7.5938MB  1.6026GB/s      Device    Pageable  Tesla V100-PCIE         1         7  [CUDA memcpy DtoH]

Regs: Number of registers used per CUDA thread. This number includes registers used internally by the CUDA driver and/or tools and can be more than what the compiler shows.
SSMem: Static shared memory allocated per CUDA block.
DSMem: Dynamic shared memory allocated per CUDA block.
SrcMemType: The type of source memory accessed by memory operation/copy
DstMemType: The type of destination memory accessed by memory operation/copy
Running application: gray_70_4
==1572300== NVPROF is profiling process 1572300, command: /home/gdube/hpcgpu/ece8780_p1/build/gray_70_4 ./testimgs/lena_400_225.jpeg ./grayimgs/graylena_400_225.jpeg
Finished kernel launch 
PASSED!==1572300== Profiling application: /home/gdube/hpcgpu/ece8780_p1/build/gray_70_4 ./testimgs/lena_400_225.jpeg ./grayimgs/graylena_400_225.jpeg
==1572300== Profiling result:
   Start  Duration            Grid Size      Block Size     Regs*    SSMem*    DSMem*      Size  Throughput  SrcMemType  DstMemType           Device   Context    Stream  Name
401.42ms  32.576us                    -               -         -         -         -  351.56KB  10.292GB/s    Pageable      Device  Tesla V100-PCIE         1         7  [CUDA memcpy HtoD]
401.47ms  11.584us           (100 57 1)         (4 4 1)        16        0B        0B         -           -           -           -  Tesla V100-PCIE         1         7  im2Gray(uchar4*, unsigned char*, int, int) [114]
401.48ms  11.520us           (100 57 1)         (4 4 1)        16       64B        0B         -           -           -           -  Tesla V100-PCIE         1         7  im2Gray_s(uchar4*, unsigned char*, int, int) [115]
401.53ms  7.5840us                    -               -         -         -         -  87.891KB  11.052GB/s      Device    Pageable  Tesla V100-PCIE         1         7  [CUDA memcpy DtoH]

Regs: Number of registers used per CUDA thread. This number includes registers used internally by the CUDA driver and/or tools and can be more than what the compiler shows.
SSMem: Static shared memory allocated per CUDA block.
DSMem: Dynamic shared memory allocated per CUDA block.
SrcMemType: The type of source memory accessed by memory operation/copy
DstMemType: The type of destination memory accessed by memory operation/copy
Running application: gray_70_4
==1572313== NVPROF is profiling process 1572313, command: /home/gdube/hpcgpu/ece8780_p1/build/gray_70_4 ./testimgs/peppers_506_326.jpeg ./grayimgs/graypeppers_506_326.jpeg
Finished kernel launch 
PASSED!==1572313== Profiling application: /home/gdube/hpcgpu/ece8780_p1/build/gray_70_4 ./testimgs/peppers_506_326.jpeg ./grayimgs/graypeppers_506_326.jpeg
==1572313== Profiling result:
   Start  Duration            Grid Size      Block Size     Regs*    SSMem*    DSMem*      Size  Throughput  SrcMemType  DstMemType           Device   Context    Stream  Name
399.51ms  50.303us                    -               -         -         -         -  564.73KB  10.706GB/s    Pageable      Device  Tesla V100-PCIE         1         7  [CUDA memcpy HtoD]
399.56ms  17.600us           (119 77 1)         (4 4 1)        16        0B        0B         -           -           -           -  Tesla V100-PCIE         1         7  im2Gray(uchar4*, unsigned char*, int, int) [114]
399.58ms  17.376us           (119 77 1)         (4 4 1)        16       64B        0B         -           -           -           -  Tesla V100-PCIE         1         7  im2Gray_s(uchar4*, unsigned char*, int, int) [115]
399.64ms  11.967us                    -               -         -         -         -  141.18KB  11.251GB/s      Device    Pageable  Tesla V100-PCIE         1         7  [CUDA memcpy DtoH]

Regs: Number of registers used per CUDA thread. This number includes registers used internally by the CUDA driver and/or tools and can be more than what the compiler shows.
SSMem: Static shared memory allocated per CUDA block.
DSMem: Dynamic shared memory allocated per CUDA block.
SrcMemType: The type of source memory accessed by memory operation/copy
DstMemType: The type of destination memory accessed by memory operation/copy
Running application: gray_70_8
==1572327== NVPROF is profiling process 1572327, command: /home/gdube/hpcgpu/ece8780_p1/build/gray_70_8 ./testimgs/baboon_512_512.png ./grayimgs/graybaboon_512_512.png
Finished kernel launch 
PASSED!==1572327== Profiling application: /home/gdube/hpcgpu/ece8780_p1/build/gray_70_8 ./testimgs/baboon_512_512.png ./grayimgs/graybaboon_512_512.png
==1572327== Profiling result:
   Start  Duration            Grid Size      Block Size     Regs*    SSMem*    DSMem*      Size  Throughput  SrcMemType  DstMemType           Device   Context    Stream  Name
400.46ms  88.127us                    -               -         -         -         -  1.0000MB  11.081GB/s    Pageable      Device  Tesla V100-PCIE         1         7  [CUDA memcpy HtoD]
400.56ms  8.9600us            (64 64 1)         (8 8 1)        16        0B        0B         -           -           -           -  Tesla V100-PCIE         1         7  im2Gray(uchar4*, unsigned char*, int, int) [114]
400.57ms  8.8000us            (64 64 1)         (8 8 1)        16      256B        0B         -           -           -           -  Tesla V100-PCIE         1         7  im2Gray_s(uchar4*, unsigned char*, int, int) [115]
400.62ms  20.672us                    -               -         -         -         -  256.00KB  11.810GB/s      Device    Pageable  Tesla V100-PCIE         1         7  [CUDA memcpy DtoH]

Regs: Number of registers used per CUDA thread. This number includes registers used internally by the CUDA driver and/or tools and can be more than what the compiler shows.
SSMem: Static shared memory allocated per CUDA block.
DSMem: Dynamic shared memory allocated per CUDA block.
SrcMemType: The type of source memory accessed by memory operation/copy
DstMemType: The type of destination memory accessed by memory operation/copy
Running application: gray_70_8
==1572340== NVPROF is profiling process 1572340, command: /home/gdube/hpcgpu/ece8780_p1/build/gray_70_8 ./testimgs/doggo_1600_1200.jpeg ./grayimgs/graydoggo_1600_1200.jpeg
Finished kernel launch 
PASSED!==1572340== Profiling application: /home/gdube/hpcgpu/ece8780_p1/build/gray_70_8 ./testimgs/doggo_1600_1200.jpeg ./grayimgs/graydoggo_1600_1200.jpeg
==1572340== Profiling result:
   Start  Duration            Grid Size      Block Size     Regs*    SSMem*    DSMem*      Size  Throughput  SrcMemType  DstMemType           Device   Context    Stream  Name
401.26ms  1.5066ms                    -               -         -         -         -  7.3242MB  4.7475GB/s    Pageable      Device  Tesla V100-PCIE         1         7  [CUDA memcpy HtoD]
402.77ms  54.335us          (200 150 1)         (8 8 1)        16        0B        0B         -           -           -           -  Tesla V100-PCIE         1         7  im2Gray(uchar4*, unsigned char*, int, int) [114]
402.83ms  53.280us          (200 150 1)         (8 8 1)        16      256B        0B         -           -           -           -  Tesla V100-PCIE         1         7  im2Gray_s(uchar4*, unsigned char*, int, int) [115]
402.93ms  148.93us                    -               -         -         -         -  1.8311MB  12.007GB/s      Device    Pageable  Tesla V100-PCIE         1         7  [CUDA memcpy DtoH]

Regs: Number of registers used per CUDA thread. This number includes registers used internally by the CUDA driver and/or tools and can be more than what the compiler shows.
SSMem: Static shared memory allocated per CUDA block.
DSMem: Dynamic shared memory allocated per CUDA block.
SrcMemType: The type of source memory accessed by memory operation/copy
DstMemType: The type of destination memory accessed by memory operation/copy
Running application: gray_70_8
==1572354== NVPROF is profiling process 1572354, command: /home/gdube/hpcgpu/ece8780_p1/build/gray_70_8 ./testimgs/lemons_3456_2304.png ./grayimgs/graylemons_3456_2304.png
Finished kernel launch 
PASSED!==1572354== Profiling application: /home/gdube/hpcgpu/ece8780_p1/build/gray_70_8 ./testimgs/lemons_3456_2304.png ./grayimgs/graylemons_3456_2304.png
==1572354== Profiling result:
   Start  Duration            Grid Size      Block Size     Regs*    SSMem*    DSMem*      Size  Throughput  SrcMemType  DstMemType           Device   Context    Stream  Name
408.17ms  6.7731ms                    -               -         -         -         -  30.375MB  4.3795GB/s    Pageable      Device  Tesla V100-PCIE         1         7  [CUDA memcpy HtoD]
414.97ms  214.75us          (432 288 1)         (8 8 1)        16        0B        0B         -           -           -           -  Tesla V100-PCIE         1         7  im2Gray(uchar4*, unsigned char*, int, int) [114]
415.19ms  214.27us          (432 288 1)         (8 8 1)        16      256B        0B         -           -           -           -  Tesla V100-PCIE         1         7  im2Gray_s(uchar4*, unsigned char*, int, int) [115]
415.46ms  4.6912ms                    -               -         -         -         -  7.5938MB  1.5808GB/s      Device    Pageable  Tesla V100-PCIE         1         7  [CUDA memcpy DtoH]

Regs: Number of registers used per CUDA thread. This number includes registers used internally by the CUDA driver and/or tools and can be more than what the compiler shows.
SSMem: Static shared memory allocated per CUDA block.
DSMem: Dynamic shared memory allocated per CUDA block.
SrcMemType: The type of source memory accessed by memory operation/copy
DstMemType: The type of destination memory accessed by memory operation/copy
Running application: gray_70_8
==1572367== NVPROF is profiling process 1572367, command: /home/gdube/hpcgpu/ece8780_p1/build/gray_70_8 ./testimgs/lena_400_225.jpeg ./grayimgs/graylena_400_225.jpeg
Finished kernel launch 
PASSED!==1572367== Profiling application: /home/gdube/hpcgpu/ece8780_p1/build/gray_70_8 ./testimgs/lena_400_225.jpeg ./grayimgs/graylena_400_225.jpeg
==1572367== Profiling result:
   Start  Duration            Grid Size      Block Size     Regs*    SSMem*    DSMem*      Size  Throughput  SrcMemType  DstMemType           Device   Context    Stream  Name
407.25ms  32.223us                    -               -         -         -         -  351.56KB  10.405GB/s    Pageable      Device  Tesla V100-PCIE         1         7  [CUDA memcpy HtoD]
407.29ms  4.3520us            (50 29 1)         (8 8 1)        16        0B        0B         -           -           -           -  Tesla V100-PCIE         1         7  im2Gray(uchar4*, unsigned char*, int, int) [114]
407.29ms  4.1920us            (50 29 1)         (8 8 1)        16      256B        0B         -           -           -           -  Tesla V100-PCIE         1         7  im2Gray_s(uchar4*, unsigned char*, int, int) [115]
407.34ms  7.5520us                    -               -         -         -         -  87.891KB  11.099GB/s      Device    Pageable  Tesla V100-PCIE         1         7  [CUDA memcpy DtoH]

Regs: Number of registers used per CUDA thread. This number includes registers used internally by the CUDA driver and/or tools and can be more than what the compiler shows.
SSMem: Static shared memory allocated per CUDA block.
DSMem: Dynamic shared memory allocated per CUDA block.
SrcMemType: The type of source memory accessed by memory operation/copy
DstMemType: The type of destination memory accessed by memory operation/copy
Running application: gray_70_8
==1572381== NVPROF is profiling process 1572381, command: /home/gdube/hpcgpu/ece8780_p1/build/gray_70_8 ./testimgs/peppers_506_326.jpeg ./grayimgs/graypeppers_506_326.jpeg
Finished kernel launch 
PASSED!==1572381== Profiling application: /home/gdube/hpcgpu/ece8780_p1/build/gray_70_8 ./testimgs/peppers_506_326.jpeg ./grayimgs/graypeppers_506_326.jpeg
==1572381== Profiling result:
   Start  Duration            Grid Size      Block Size     Regs*    SSMem*    DSMem*      Size  Throughput  SrcMemType  DstMemType           Device   Context    Stream  Name
405.22ms  50.272us                    -               -         -         -         -  564.73KB  10.713GB/s    Pageable      Device  Tesla V100-PCIE         1         7  [CUDA memcpy HtoD]
405.28ms  5.8560us            (60 39 1)         (8 8 1)        16        0B        0B         -           -           -           -  Tesla V100-PCIE         1         7  im2Gray(uchar4*, unsigned char*, int, int) [114]
405.29ms  5.7280us            (60 39 1)         (8 8 1)        16      256B        0B         -           -           -           -  Tesla V100-PCIE         1         7  im2Gray_s(uchar4*, unsigned char*, int, int) [115]
405.34ms  11.904us                    -               -         -         -         -  141.18KB  11.311GB/s      Device    Pageable  Tesla V100-PCIE         1         7  [CUDA memcpy DtoH]

Regs: Number of registers used per CUDA thread. This number includes registers used internally by the CUDA driver and/or tools and can be more than what the compiler shows.
SSMem: Static shared memory allocated per CUDA block.
DSMem: Dynamic shared memory allocated per CUDA block.
SrcMemType: The type of source memory accessed by memory operation/copy
DstMemType: The type of destination memory accessed by memory operation/copy
